<?xml version="1.0" encoding="UTF-8"?>
<!-- Generated by org.testng.reporters.JUnitReportReporter -->
<testsuite hostname="ACLIFFOR-F25661" failures="0" tests="1" name="com.test.FirstScript" time="25.210" errors="0" timestamp="26 Sep 2020 06:03:31 GMT">
  <testcase classname="com.test.FirstScript" name="test1" time="25.210"/>
</testsuite> <!-- com.test.FirstScript -->
